1649502270331	geckodriver	INFO	Listening on 127.0.0.1:65107
1649502273415	mozrunner::runner	INFO	Running command: "C:\\Program Files\\Mozilla Firefox\\firefox.exe" "--marionette" "--remote-debugging-port" "65108" "-no-remote" "-profile" "C:\\Users\\User\\AppData\\Local\\Temp\\rust_mozprofilev98BEK"
1649502274201	Marionette	INFO	Marionette enabled
console.warn: SearchSettings: "get: No settings file exists, new profile?" (new NotFoundError("Could not open the file at C:\\Users\\User\\AppData\\Local\\Temp\\rust_mozprofilev98BEK\\search.json.mozlz4", (void 0)))
console.error: Region.jsm: "Error fetching region" (new Error("TIMEOUT", "resource://gre/modules/Region.jsm", 772))
console.error: Region.jsm: "Failed to fetch region" (new Error("TIMEOUT", "resource://gre/modules/Region.jsm", 419))
DevTools listening on ws://localhost:65108/devtools/browser/c52aff4d-b999-43a0-b3e4-169f2ff0099d
1649502280078	Marionette	INFO	Listening on port 65117
1649502280459	RemoteAgent	WARN	TLS certificate errors will be ignored for this session
1649502280464	RemoteAgent	INFO	Proxy settings initialised: {"proxyType":"manual","httpProxy":"127.0.0.1:65106","sslProxy":"127.0.0.1:65106"}
1649502295104	Marionette	INFO	Stopped listening on port 65117
[Parent 3772, IPC I/O Parent] WARNING: DuplicateHandle failed for handle 0 in TransferHandles: file /builds/worker/checkouts/gecko/ipc/chromium/src/chrome/common/ipc_channel_win.cc:725
console.warn: TopSitesFeed: Failed to fetch data from Contile server: NetworkError when attempting to fetch resource.
console.error: services.settings: 
  main/query-stripping Signature failed  TypeError: NetworkError: Network request failed
1649502302923	geckodriver	INFO	Listening on 127.0.0.1:65197
1649502306039	mozrunner::runner	INFO	Running command: "C:\\Program Files\\Mozilla Firefox\\firefox.exe" "--marionette" "--remote-debugging-port" "65198" "-no-remote" "-profile" "C:\\Users\\User\\AppData\\Local\\Temp\\rust_mozprofilewINE1x"
1649502306646	Marionette	INFO	Marionette enabled
console.warn: SearchSettings: "get: No settings file exists, new profile?" (new NotFoundError("Could not open the file at C:\\Users\\User\\AppData\\Local\\Temp\\rust_mozprofilewINE1x\\search.json.mozlz4", (void 0)))
DevTools listening on ws://localhost:65198/devtools/browser/65167a3e-4006-49b9-9840-74089d994983
1649502312205	Marionette	INFO	Listening on port 65207
1649502312584	RemoteAgent	WARN	TLS certificate errors will be ignored for this session
1649502312588	RemoteAgent	INFO	Proxy settings initialised: {"proxyType":"manual","httpProxy":"127.0.0.1:65196","sslProxy":"127.0.0.1:65196"}
1649502317610	Marionette	INFO	Stopped listening on port 65207
console.warn: TopSitesFeed: Failed to fetch data from Contile server: NetworkError when attempting to fetch resource.
!!! error running onStopped callback: TypeError: callback is not a function
1649502321942	geckodriver	INFO	Listening on 127.0.0.1:65260
1649502324997	mozrunner::runner	INFO	Running command: "C:\\Program Files\\Mozilla Firefox\\firefox.exe" "--marionette" "--remote-debugging-port" "65261" "-no-remote" "-profile" "C:\\Users\\User\\AppData\\Local\\Temp\\rust_mozprofileCk0Qn0"
1649502326150	Marionette	INFO	Marionette enabled
console.warn: SearchSettings: "get: No settings file exists, new profile?" (new NotFoundError("Could not open the file at C:\\Users\\User\\AppData\\Local\\Temp\\rust_mozprofileCk0Qn0\\search.json.mozlz4", (void 0)))
DevTools listening on ws://localhost:65261/devtools/browser/b9e3ef18-736f-4269-96a3-7057b1069283
1649502330855	Marionette	INFO	Listening on port 65277
1649502331159	RemoteAgent	WARN	TLS certificate errors will be ignored for this session
1649502331163	RemoteAgent	INFO	Proxy settings initialised: {"proxyType":"manual","httpProxy":"127.0.0.1:65259","sslProxy":"127.0.0.1:65259"}
1649502384092	Marionette	INFO	Stopped listening on port 65277
console.warn: TopSitesFeed: Failed to fetch data from Contile server: NetworkError when attempting to fetch resource.
!!! error running onStopped callback: TypeError: callback is not a function
1649735878417	geckodriver	INFO	Listening on 127.0.0.1:64898
1649735881495	mozrunner::runner	INFO	Running command: "C:\\Program Files\\Mozilla Firefox\\firefox.exe" "--marionette" "--remote-debugging-port" "64899" "-no-remote" "-profile" "C:\\Users\\User\\AppData\\Local\\Temp\\rust_mozprofileByFAlA"
1649735882722	Marionette	INFO	Marionette enabled
console.warn: SearchSettings: "get: No settings file exists, new profile?" (new NotFoundError("Could not open the file at C:\\Users\\User\\AppData\\Local\\Temp\\rust_mozprofileByFAlA\\search.json.mozlz4", (void 0)))

###!!! [Parent][PContentParent] Error: Send(msgname=PContent::Msg_PreferenceUpdate) Channel error: cannot send/recv


###!!! [Parent][PContentParent] Error: Send(msgname=PContent::Msg_AsyncMessage) Channel error: cannot send/recv

A content process crashed and MOZ_CRASHREPORTER_SHUTDOWN is set, shutting down
[Parent 5304, IPC I/O Parent] WARNING: pipe error: 232: file /builds/worker/checkouts/gecko/ipc/chromium/src/chrome/common/ipc_channel_win.cc:556
console.warn: SearchService: "_init: abandoning init due to shutting down"

###!!! [Child][PCompositorManagerChild] Error: Send(msgname=PWebRenderBridge::Msg_Shutdown) Channel error: cannot send/recv


###!!! [Child][PCompositorManagerChild] Error: Send(msgname=PTexture::Msg_Destroy) Channel error: cannot send/recv


###!!! [Child][PCompositorManagerChild] Error: Send(msgname=PAPZ::Msg_Destroy) Channel error: cannot send/recv


###!!! [Child][PCompositorManagerChild] Error: SendAndWait(msgname=PCompositorBridge::Msg_WillClose) Channel error: cannot send/recv


###!!! [Child][PCompositorManagerChild] Error: Send(msgname=PWebRenderBridge::Msg_Shutdown) Channel error: cannot send/recv


###!!! [Child][PCompositorManagerChild] Error: SendAndWait(msgname=PCompositorBridge::Msg_WillClose) Channel error: cannot send/recv

[GFX1-]: Receive IPC close with reason=AbnormalShutdown
[GFX1-]: Receive IPC close with reason=AbnormalShutdown
JavaScript error: resource://gre/modules/AsyncShutdown.jsm, line 575: uncaught exception: 2147500036
JavaScript error: resource://gre/modules/AsyncShutdown.jsm, line 575: uncaught exception: 2147500036
JavaScript error: resource://gre/modules/AsyncShutdown.jsm, line 575: uncaught exception: 2147500036
JavaScript error: resource://gre/modules/AsyncShutdown.jsm, line 575: uncaught exception: 2147500036
JavaScript error: resource://gre/modules/AsyncShutdown.jsm, line 575: uncaught exception: 2147500036
JavaScript error: resource://gre/modules/AsyncShutdown.jsm, line 575: uncaught exception: 2147500036
JavaScript error: resource://gre/modules/SearchService.jsm, line 1318: NS_ERROR_ABORT: SearchService initialization failed
[Parent 5304, IPC I/O Parent] WARNING: pipe error: 232: file /builds/worker/checkouts/gecko/ipc/chromium/src/chrome/common/ipc_channel_win.cc:556
DevTools listening on ws://localhost:64899/devtools/browser/bd0e0c50-034a-4309-87cd-63f42564ae7d

###!!! [Parent][PContentParent] Error: Send(msgname=PContent::Msg_ReinitRendering) Channel error: cannot send/recv

Exiting due to channel error.
1649735894040	geckodriver	INFO	Listening on 127.0.0.1:64950
1649735897115	mozrunner::runner	INFO	Running command: "C:\\Program Files\\Mozilla Firefox\\firefox.exe" "--marionette" "--remote-debugging-port" "64951" "-no-remote" "-profile" "C:\\Users\\User\\AppData\\Local\\Temp\\rust_mozprofilezEKsjV"
1649735897786	Marionette	INFO	Marionette enabled
console.warn: SearchSettings: "get: No settings file exists, new profile?" (new NotFoundError("Could not open the file at C:\\Users\\User\\AppData\\Local\\Temp\\rust_mozprofilezEKsjV\\search.json.mozlz4", (void 0)))
DevTools listening on ws://localhost:64951/devtools/browser/ef7cc263-5d94-4c26-b1a9-7dd92e849147
1649735901924	Marionette	INFO	Listening on port 64957
1649735901977	RemoteAgent	WARN	TLS certificate errors will be ignored for this session
1649735901983	RemoteAgent	INFO	Proxy settings initialised: {"proxyType":"manual","httpProxy":"127.0.0.1:64949","sslProxy":"127.0.0.1:64949"}
JavaScript warning: https://mc.yandex.ru/metrika/tag.js, line 18: WEBGL_debug_renderer_info is deprecated in Firefox and will be removed. Please use RENDERER.
JavaScript warning: https://mc.yandex.ru/metrika/watch.js, line 13: WEBGL_debug_renderer_info is deprecated in Firefox and will be removed. Please use RENDERER.
JavaScript warning: https://www.avito.ru/dstatic/build/client/f.f620419292c6b4bd4b98.js, line 6: WEBGL_debug_renderer_info is deprecated in Firefox and will be removed. Please use RENDERER.
SourceActor threw an exception: Error: Failed to fetch https://static.criteo.net/js/ld/ld.js. Code 2152398920.
Stack: onResponse@resource://devtools/shared/DevToolsUtils.js:556:16
onStopRequest@resource://gre/modules/NetUtil.jsm:128:18
Line: 556, column: 16
console.error: (new Error("Failed to fetch https://static.criteo.net/js/ld/ld.js. Code 2152398920.", "resource://devtools/shared/DevToolsUtils.js", 556))
SourceActor threw an exception: Error: Failed to fetch https://googleads.g.doubleclick.net/pagead/viewthroughconversion/987009030/?random=1649735914170&cv=9&fst=1649735914170&num=1&label=f8JaCLLjvAQQhqDS1gM&guid=ON&resp=GooglemKTybQhCsO&u_h=768&u_w=1366&u_ah=728&u_aw=1366&u_cd=24&u_his=1&u_tz=180&u_java=false&u_nplug=5&u_nmime=2&sendb=1&ig=1&frm=0&url=https%3A%2F%2Fwww.avito.ru%2Fkazan%2Fmototsikly_i_mototehnika%2Fbaggi-ASgBAgICAUQ8zE0%3Fcd%3D1&tiba=%D0%9A%D1%83%D0%BF%D0%B8%D1%82%D1%8C%20%D0%B1%D0%B0%D0%B3%D0%B3%D0%B8%20%F0%9F%9A%99%20%D0%B2%C2%A0%D0%9A%D0%B0%D0%B7%D0%B0%D0%BD%D0%B8%20%7C%20%D0%91%2F%D1%83%20%D0%B8%C2%A0%D0%BD%D0%BE%D0%B2%D0%B0%D1%8F%20%D0%BC%D0%BE%D1%82%D0%BE%D1%82%D0%B5%D1%85%D0%BD&hn=www.googleadservices.com&rfmt=3&fmt=4. Code 2152398920.
Stack: onResponse@resource://devtools/shared/DevToolsUtils.js:556:16
onStopRequest@resource://gre/modules/NetUtil.jsm:128:18
Line: 556, column: 16
console.error: (new Error("Failed to fetch https://googleads.g.doubleclick.net/pagead/viewthroughconversion/987009030/?random=1649735914170&cv=9&fst=1649735914170&num=1&label=f8JaCLLjvAQQhqDS1gM&guid=ON&resp=GooglemKTybQhCsO&u_h=768&u_w=1366&u_ah=728&u_aw=1366&u_cd=24&u_his=1&u_tz=180&u_java=false&u_nplug=5&u_nmime=2&sendb=1&ig=1&frm=0&url=https%3A%2F%2Fwww.avito.ru%2Fkazan%2Fmototsikly_i_mototehnika%2Fbaggi-ASgBAgICAUQ8zE0%3Fcd%3D1&tiba=%D0%9A%D1%83%D0%BF%D0%B8%D1%82%D1%8C%20%D0%B1%D0%B0%D0%B3%D0%B3%D0%B8%20%F0%9F%9A%99%20%D0%B2%C2%A0%D0%9A%D0%B0%D0%B7%D0%B0%D0%BD%D0%B8%20%7C%20%D0%91%2F%D1%83%20%D0%B8%C2%A0%D0%BD%D0%BE%D0%B2%D0%B0%D1%8F%20%D0%BC%D0%BE%D1%82%D0%BE%D1%82%D0%B5%D1%85%D0%BD&hn=www.googleadservices.com&rfmt=3&fmt=4. Code 2152398920.", "resource://devtools/shared/DevToolsUtils.js", 556))
SourceActor threw an exception: Error: Failed to fetch https://www.avito.ru/kazan/mototsikly_i_mototehnika/baggi-ASgBAgICAUQ8zE0?cd=1. Code 2152398920.
Stack: onResponse@resource://devtools/shared/DevToolsUtils.js:556:16
onStopRequest@resource://gre/modules/NetUtil.jsm:128:18
Line: 556, column: 16
console.error: (new Error("Failed to fetch https://www.avito.ru/kazan/mototsikly_i_mototehnika/baggi-ASgBAgICAUQ8zE0?cd=1. Code 2152398920.", "resource://devtools/shared/DevToolsUtils.js", 556))
JavaScript error: resource://devtools/shared/DevToolsUtils.js, line 556: Error: Failed to fetch https://static.criteo.net/js/ld/ld.js. Code 2152398920.
JavaScript error: resource://devtools/shared/DevToolsUtils.js, line 556: Error: Failed to fetch https://googleads.g.doubleclick.net/pagead/viewthroughconversion/987009030/?random=1649735914170&cv=9&fst=1649735914170&num=1&label=f8JaCLLjvAQQhqDS1gM&guid=ON&resp=GooglemKTybQhCsO&u_h=768&u_w=1366&u_ah=728&u_aw=1366&u_cd=24&u_his=1&u_tz=180&u_java=false&u_nplug=5&u_nmime=2&sendb=1&ig=1&frm=0&url=https%3A%2F%2Fwww.avito.ru%2Fkazan%2Fmototsikly_i_mototehnika%2Fbaggi-ASgBAgICAUQ8zE0%3Fcd%3D1&tiba=%D0%9A%D1%83%D0%BF%D0%B8%D1%82%D1%8C%20%D0%B1%D0%B0%D0%B3%D0%B3%D0%B8%20%F0%9F%9A%99%20%D0%B2%C2%A0%D0%9A%D0%B0%D0%B7%D0%B0%D0%BD%D0%B8%20%7C%20%D0%91%2F%D1%83%20%D0%B8%C2%A0%D0%BD%D0%BE%D0%B2%D0%B0%D1%8F%20%D0%BC%D0%BE%D1%82%D0%BE%D1%82%D0%B5%D1%85%D0%BD&hn=www.googleadservices.com&rfmt=3&fmt=4. Code 2152398920.
JavaScript error: resource://devtools/shared/DevToolsUtils.js, line 556: Error: Failed to fetch https://www.avito.ru/kazan/mototsikly_i_mototehnika/baggi-ASgBAgICAUQ8zE0?cd=1. Code 2152398920.
SourceActor threw an exception: Error: Failed to fetch https://fp.hybrid.ai/bobid.js. Code 2152398920.
Stack: onResponse@resource://devtools/shared/DevToolsUtils.js:556:16
onStopRequest@resource://gre/modules/NetUtil.jsm:128:18
Line: 556, column: 16
console.error: (new Error("Failed to fetch https://fp.hybrid.ai/bobid.js. Code 2152398920.", "resource://devtools/shared/DevToolsUtils.js", 556))
SourceActor threw an exception: Error: Failed to fetch https://dm.hybrid.ai/plgt.js?fbpid=624476457bc72f06e0c90f3a&foadh=&gapl=&cs=&pcs=&vcs=. Code 2152398920.
Stack: onResponse@resource://devtools/shared/DevToolsUtils.js:556:16
onStopRequest@resource://gre/modules/NetUtil.jsm:128:18
Line: 556, column: 16
console.error: (new Error("Failed to fetch https://dm.hybrid.ai/plgt.js?fbpid=624476457bc72f06e0c90f3a&foadh=&gapl=&cs=&pcs=&vcs=. Code 2152398920.", "resource://devtools/shared/DevToolsUtils.js", 556))
SourceActor threw an exception: Error: Failed to fetch https://dss.hybrid.ai/Pixel/TrackTp?pid=6241952f4d506e610c6d32cd&foadh=&gapl=&cs=&pcs=&vcs=. Code 2152398920.
Stack: onResponse@resource://devtools/shared/DevToolsUtils.js:556:16
onStopRequest@resource://gre/modules/NetUtil.jsm:128:18
Line: 556, column: 16
console.error: (new Error("Failed to fetch https://dss.hybrid.ai/Pixel/TrackTp?pid=6241952f4d506e610c6d32cd&foadh=&gapl=&cs=&pcs=&vcs=. Code 2152398920.", "resource://devtools/shared/DevToolsUtils.js", 556))
JavaScript error: resource://devtools/shared/DevToolsUtils.js, line 556: Error: Failed to fetch https://fp.hybrid.ai/bobid.js. Code 2152398920.
JavaScript error: resource://devtools/shared/DevToolsUtils.js, line 556: Error: Failed to fetch https://dm.hybrid.ai/plgt.js?fbpid=624476457bc72f06e0c90f3a&foadh=&gapl=&cs=&pcs=&vcs=. Code 2152398920.
JavaScript error: resource://devtools/shared/DevToolsUtils.js, line 556: Error: Failed to fetch https://dss.hybrid.ai/Pixel/TrackTp?pid=6241952f4d506e610c6d32cd&foadh=&gapl=&cs=&pcs=&vcs=. Code 2152398920.
SourceActor threw an exception: Error: Failed to fetch https://sync.1dmp.io/supersync?t=f01e69c0-ba14-11ec-8677-901b0e934d81. Code 2152398920.
Stack: onResponse@resource://devtools/shared/DevToolsUtils.js:556:16
onStopRequest@resource://gre/modules/NetUtil.jsm:128:18
Line: 556, column: 16
console.error: (new Error("Failed to fetch https://sync.1dmp.io/supersync?t=f01e69c0-ba14-11ec-8677-901b0e934d81. Code 2152398920.", "resource://devtools/shared/DevToolsUtils.js", 556))
JavaScript error: resource://devtools/shared/DevToolsUtils.js, line 556: Error: Failed to fetch https://sync.1dmp.io/supersync?t=f01e69c0-ba14-11ec-8677-901b0e934d81. Code 2152398920.
SourceActor threw an exception: Error: Failed to fetch https://googleads.g.doubleclick.net/pagead/viewthroughconversion/858060344/?random=1649735925238&cv=9&fst=1649735925238&num=1&bg=ffffff&guid=ON&resp=GooglemKTybQhCsO&eid=376635470&u_h=768&u_w=1366&u_ah=728&u_aw=1366&u_cd=24&u_his=1&u_tz=180&u_java=false&u_nplug=5&u_nmime=2&gtm=2wg460&sendb=1&ig=0&data=dynx_pagetype%3Dundefined%3Bdynx_itemid2%3DAUTO%3Bdynx_logcat%3DMoto&frm=0&url=https%3A%2F%2Fwww.avito.ru%2Fkazan%2Fmototsikly_i_mototehnika%2Fbaggi-ASgBAgICAUQ8zE0%3Fcd%3D1%26radius%3D200&tiba=%D0%9A%D1%83%D0%BF%D0%B8%D1%82%D1%8C%20%D0%B1%D0%B0%D0%B3%D0%B3%D0%B8%20%F0%9F%9A%99%20%D0%B2%C2%A0%D0%9A%D0%B0%D0%B7%D0%B0%D0%BD%D0%B8%20%7C%20%D0%91%2F%D1%83%20%D0%B8%C2%A0%D0%BD%D0%BE%D0%B2%D0%B0%D1%8F%20%D0%BC%D0%BE%D1%82%D0%BE%D1%82%D0%B5%D1%85%D0%BD&hn=www.google.com&async=1&rfmt=3&fmt=4. Code 2152398920.
Stack: onResponse@resource://devtools/shared/DevToolsUtils.js:556:16
onStopRequest@resource://gre/modules/NetUtil.jsm:128:18
Line: 556, column: 16
console.error: (new Error("Failed to fetch https://googleads.g.doubleclick.net/pagead/viewthroughconversion/858060344/?random=1649735925238&cv=9&fst=1649735925238&num=1&bg=ffffff&guid=ON&resp=GooglemKTybQhCsO&eid=376635470&u_h=768&u_w=1366&u_ah=728&u_aw=1366&u_cd=24&u_his=1&u_tz=180&u_java=false&u_nplug=5&u_nmime=2&gtm=2wg460&sendb=1&ig=0&data=dynx_pagetype%3Dundefined%3Bdynx_itemid2%3DAUTO%3Bdynx_logcat%3DMoto&frm=0&url=https%3A%2F%2Fwww.avito.ru%2Fkazan%2Fmototsikly_i_mototehnika%2Fbaggi-ASgBAgICAUQ8zE0%3Fcd%3D1%26radius%3D200&tiba=%D0%9A%D1%83%D0%BF%D0%B8%D1%82%D1%8C%20%D0%B1%D0%B0%D0%B3%D0%B3%D0%B8%20%F0%9F%9A%99%20%D0%B2%C2%A0%D0%9A%D0%B0%D0%B7%D0%B0%D0%BD%D0%B8%20%7C%20%D0%91%2F%D1%83%20%D0%B8%C2%A0%D0%BD%D0%BE%D0%B2%D0%B0%D1%8F%20%D0%BC%D0%BE%D1%82%D0%BE%D1%82%D0%B5%D1%85%D0%BD&hn=www.google.com&async=1&rfmt=3&fmt=4. Code 2152398920.", "resource://devtools/shared/DevToolsUtils.js", 556))
SourceActor threw an exception: Error: Failed to fetch https://www.avito.ru/s/a/j/dfp/px.js?ch=1. Code 2152398920.
Stack: onResponse@resource://devtools/shared/DevToolsUtils.js:556:16
onStopRequest@resource://gre/modules/NetUtil.jsm:128:18
Line: 556, column: 16
console.error: (new Error("Failed to fetch https://www.avito.ru/s/a/j/dfp/px.js?ch=1. Code 2152398920.", "resource://devtools/shared/DevToolsUtils.js", 556))
SourceActor threw an exception: Error: Failed to fetch https://dss.hybrid.ai/Pixel/TrackTp?pid=624476457bc72f06e0c90f3a&foadh=&gapl=&cs=&pcs=&vcs=. Code 2152398920.
Stack: onResponse@resource://devtools/shared/DevToolsUtils.js:556:16
onStopRequest@resource://gre/modules/NetUtil.jsm:128:18
Line: 556, column: 16
console.error: (new Error("Failed to fetch https://dss.hybrid.ai/Pixel/TrackTp?pid=624476457bc72f06e0c90f3a&foadh=&gapl=&cs=&pcs=&vcs=. Code 2152398920.", "resource://devtools/shared/DevToolsUtils.js", 556))
JavaScript error: resource://devtools/shared/DevToolsUtils.js, line 556: Error: Failed to fetch https://googleads.g.doubleclick.net/pagead/viewthroughconversion/858060344/?random=1649735925238&cv=9&fst=1649735925238&num=1&bg=ffffff&guid=ON&resp=GooglemKTybQhCsO&eid=376635470&u_h=768&u_w=1366&u_ah=728&u_aw=1366&u_cd=24&u_his=1&u_tz=180&u_java=false&u_nplug=5&u_nmime=2&gtm=2wg460&sendb=1&ig=0&data=dynx_pagetype%3Dundefined%3Bdynx_itemid2%3DAUTO%3Bdynx_logcat%3DMoto&frm=0&url=https%3A%2F%2Fwww.avito.ru%2Fkazan%2Fmototsikly_i_mototehnika%2Fbaggi-ASgBAgICAUQ8zE0%3Fcd%3D1%26radius%3D200&tiba=%D0%9A%D1%83%D0%BF%D0%B8%D1%82%D1%8C%20%D0%B1%D0%B0%D0%B3%D0%B3%D0%B8%20%F0%9F%9A%99%20%D0%B2%C2%A0%D0%9A%D0%B0%D0%B7%D0%B0%D0%BD%D0%B8%20%7C%20%D0%91%2F%D1%83%20%D0%B8%C2%A0%D0%BD%D0%BE%D0%B2%D0%B0%D1%8F%20%D0%BC%D0%BE%D1%82%D0%BE%D1%82%D0%B5%D1%85%D0%BD&hn=www.google.com&async=1&rfmt=3&fmt=4. Code 2152398920.
JavaScript error: resource://devtools/shared/DevToolsUtils.js, line 556: Error: Failed to fetch https://www.avito.ru/s/a/j/dfp/px.js?ch=1. Code 2152398920.
JavaScript error: resource://devtools/shared/DevToolsUtils.js, line 556: Error: Failed to fetch https://dss.hybrid.ai/Pixel/TrackTp?pid=624476457bc72f06e0c90f3a&foadh=&gapl=&cs=&pcs=&vcs=. Code 2152398920.
SourceActor threw an exception: Error: Failed to fetch https://sync.1dmp.io/supersync?t=f5039e11-ba14-11ec-8677-901b0e934d81. Code 2152398920.
Stack: onResponse@resource://devtools/shared/DevToolsUtils.js:556:16
onStopRequest@resource://gre/modules/NetUtil.jsm:128:18
Line: 556, column: 16
console.error: (new Error("Failed to fetch https://sync.1dmp.io/supersync?t=f5039e11-ba14-11ec-8677-901b0e934d81. Code 2152398920.", "resource://devtools/shared/DevToolsUtils.js", 556))
JavaScript error: resource://devtools/shared/DevToolsUtils.js, line 556: Error: Failed to fetch https://sync.1dmp.io/supersync?t=f5039e11-ba14-11ec-8677-901b0e934d81. Code 2152398920.
SourceActor threw an exception: Error: Failed to fetch https://www.avito.ru/s/a/j/dfp/px.js?ch=2. Code 2152398920.
Stack: onResponse@resource://devtools/shared/DevToolsUtils.js:556:16
onStopRequest@resource://gre/modules/NetUtil.jsm:128:18
Line: 556, column: 16
console.error: (new Error("Failed to fetch https://www.avito.ru/s/a/j/dfp/px.js?ch=2. Code 2152398920.", "resource://devtools/shared/DevToolsUtils.js", 556))
SourceActor threw an exception: Error: Failed to fetch https://googleads.g.doubleclick.net/pagead/viewthroughconversion/693627671/?random=1649735955266&cv=9&fst=1649735955266&num=1&guid=ON&resp=GooglemKTybQhCsO&u_h=768&u_w=1366&u_ah=728&u_aw=1366&u_cd=24&u_his=1&u_tz=180&u_java=false&u_nplug=5&u_nmime=2&sendb=1&ig=1&data=extensions%3D%3BfromGoogle%3Dfalse%3BfromCancel%3Dfalse%3Bloyal%3D0%3Bsbscrb%3D%3Bp%3D%3Bb%3D%3Bfresh%3D0%3Binfected%3D%3Bslow%3D%3Bos%3Dwindows%3Bbrowser%3Dfirefox%3Bwinxp%3Dfalse%3Bold%3Dactual&frm=2&url=https%3A%2F%2Fyastatic.net%2Fsafeframe-bundles%2F0.83%2F1-1-0%2Frender.html&ref=https%3A%2F%2Fwww.avito.ru%2F&hn=www.googleadservices.com&async=1&rfmt=3&fmt=4. Code 2152398920.
Stack: onResponse@resource://devtools/shared/DevToolsUtils.js:556:16
onStopRequest@resource://gre/modules/NetUtil.jsm:128:18
Line: 556, column: 16
console.error: (new Error("Failed to fetch https://googleads.g.doubleclick.net/pagead/viewthroughconversion/693627671/?random=1649735955266&cv=9&fst=1649735955266&num=1&guid=ON&resp=GooglemKTybQhCsO&u_h=768&u_w=1366&u_ah=728&u_aw=1366&u_cd=24&u_his=1&u_tz=180&u_java=false&u_nplug=5&u_nmime=2&sendb=1&ig=1&data=extensions%3D%3BfromGoogle%3Dfalse%3BfromCancel%3Dfalse%3Bloyal%3D0%3Bsbscrb%3D%3Bp%3D%3Bb%3D%3Bfresh%3D0%3Binfected%3D%3Bslow%3D%3Bos%3Dwindows%3Bbrowser%3Dfirefox%3Bwinxp%3Dfalse%3Bold%3Dactual&frm=2&url=https%3A%2F%2Fyastatic.net%2Fsafeframe-bundles%2F0.83%2F1-1-0%2Frender.html&ref=https%3A%2F%2Fwww.avito.ru%2F&hn=www.googleadservices.com&async=1&rfmt=3&fmt=4. Code 2152398920.", "resource://devtools/shared/DevToolsUtils.js", 556))
JavaScript error: resource://devtools/shared/DevToolsUtils.js, line 556: Error: Failed to fetch https://www.avito.ru/s/a/j/dfp/px.js?ch=2. Code 2152398920.
JavaScript error: resource://devtools/shared/DevToolsUtils.js, line 556: Error: Failed to fetch https://googleads.g.doubleclick.net/pagead/viewthroughconversion/693627671/?random=1649735955266&cv=9&fst=1649735955266&num=1&guid=ON&resp=GooglemKTybQhCsO&u_h=768&u_w=1366&u_ah=728&u_aw=1366&u_cd=24&u_his=1&u_tz=180&u_java=false&u_nplug=5&u_nmime=2&sendb=1&ig=1&data=extensions%3D%3BfromGoogle%3Dfalse%3BfromCancel%3Dfalse%3Bloyal%3D0%3Bsbscrb%3D%3Bp%3D%3Bb%3D%3Bfresh%3D0%3Binfected%3D%3Bslow%3D%3Bos%3Dwindows%3Bbrowser%3Dfirefox%3Bwinxp%3Dfalse%3Bold%3Dactual&frm=2&url=https%3A%2F%2Fyastatic.net%2Fsafeframe-bundles%2F0.83%2F1-1-0%2Frender.html&ref=https%3A%2F%2Fwww.avito.ru%2F&hn=www.googleadservices.com&async=1&rfmt=3&fmt=4. Code 2152398920.
SourceActor threw an exception: Error: Failed to fetch https://sync.1dmp.io/supersync?t=f416f420-ba14-11ec-8677-901b0e934d81. Code 2152398920.
Stack: onResponse@resource://devtools/shared/DevToolsUtils.js:556:16
onStopRequest@resource://gre/modules/NetUtil.jsm:128:18
Line: 556, column: 16
console.error: (new Error("Failed to fetch https://sync.1dmp.io/supersync?t=f416f420-ba14-11ec-8677-901b0e934d81. Code 2152398920.", "resource://devtools/shared/DevToolsUtils.js", 556))
JavaScript error: resource://devtools/shared/DevToolsUtils.js, line 556: Error: Failed to fetch https://sync.1dmp.io/supersync?t=f416f420-ba14-11ec-8677-901b0e934d81. Code 2152398920.
SourceActor threw an exception: Error: Failed to fetch https://www.avito.ru/dstatic/j/dfp/px.js. Code 2152398920.
Stack: onResponse@resource://devtools/shared/DevToolsUtils.js:556:16
onStopRequest@resource://gre/modules/NetUtil.jsm:128:18
Line: 556, column: 16
console.error: (new Error("Failed to fetch https://www.avito.ru/dstatic/j/dfp/px.js. Code 2152398920.", "resource://devtools/shared/DevToolsUtils.js", 556))
SourceActor threw an exception: Error: Failed to fetch https://googleads.g.doubleclick.net/pagead/viewthroughconversion/947884341/?random=1649735955317&cv=9&fst=1649735955317&num=1&guid=ON&resp=GooglemKTybQhCsO&u_h=768&u_w=1366&u_ah=728&u_aw=1366&u_cd=24&u_his=1&u_tz=180&u_java=false&u_nplug=5&u_nmime=2&sendb=1&ig=1&data=extensions%3D%3BfromGoogle%3Dfalse%3BfromCancel%3Dfalse%3Bloyal%3D0%3Bsbscrb%3D%3Bp%3D%3Bb%3D%3Bfresh%3D0%3Binfected%3D%3Bslow%3D%3Bos%3Dwindows%3Bbrowser%3Dfirefox%3Bwinxp%3Dfalse%3Bold%3Dactual&frm=2&url=https%3A%2F%2Fyastatic.net%2Fsafeframe-bundles%2F0.83%2F1-1-0%2Frender.html&ref=https%3A%2F%2Fwww.avito.ru%2F&hn=www.googleadservices.com&async=1&rfmt=3&fmt=4. Code 2152398920.
Stack: onResponse@resource://devtools/shared/DevToolsUtils.js:556:16
onStopRequest@resource://gre/modules/NetUtil.jsm:128:18
Line: 556, column: 16
console.error: (new Error("Failed to fetch https://googleads.g.doubleclick.net/pagead/viewthroughconversion/947884341/?random=1649735955317&cv=9&fst=1649735955317&num=1&guid=ON&resp=GooglemKTybQhCsO&u_h=768&u_w=1366&u_ah=728&u_aw=1366&u_cd=24&u_his=1&u_tz=180&u_java=false&u_nplug=5&u_nmime=2&sendb=1&ig=1&data=extensions%3D%3BfromGoogle%3Dfalse%3BfromCancel%3Dfalse%3Bloyal%3D0%3Bsbscrb%3D%3Bp%3D%3Bb%3D%3Bfresh%3D0%3Binfected%3D%3Bslow%3D%3Bos%3Dwindows%3Bbrowser%3Dfirefox%3Bwinxp%3Dfalse%3Bold%3Dactual&frm=2&url=https%3A%2F%2Fyastatic.net%2Fsafeframe-bundles%2F0.83%2F1-1-0%2Frender.html&ref=https%3A%2F%2Fwww.avito.ru%2F&hn=www.googleadservices.com&async=1&rfmt=3&fmt=4. Code 2152398920.", "resource://devtools/shared/DevToolsUtils.js", 556))
JavaScript error: resource://devtools/shared/DevToolsUtils.js, line 556: Error: Failed to fetch https://www.avito.ru/dstatic/j/dfp/px.js. Code 2152398920.
JavaScript error: resource://devtools/shared/DevToolsUtils.js, line 556: Error: Failed to fetch https://googleads.g.doubleclick.net/pagead/viewthroughconversion/947884341/?random=1649735955317&cv=9&fst=1649735955317&num=1&guid=ON&resp=GooglemKTybQhCsO&u_h=768&u_w=1366&u_ah=728&u_aw=1366&u_cd=24&u_his=1&u_tz=180&u_java=false&u_nplug=5&u_nmime=2&sendb=1&ig=1&data=extensions%3D%3BfromGoogle%3Dfalse%3BfromCancel%3Dfalse%3Bloyal%3D0%3Bsbscrb%3D%3Bp%3D%3Bb%3D%3Bfresh%3D0%3Binfected%3D%3Bslow%3D%3Bos%3Dwindows%3Bbrowser%3Dfirefox%3Bwinxp%3Dfalse%3Bold%3Dactual&frm=2&url=https%3A%2F%2Fyastatic.net%2Fsafeframe-bundles%2F0.83%2F1-1-0%2Frender.html&ref=https%3A%2F%2Fwww.avito.ru%2F&hn=www.googleadservices.com&async=1&rfmt=3&fmt=4. Code 2152398920.
SourceActor threw an exception: Error: Failed to fetch https://sync.1dmp.io/supersync?t=f3fc1920-ba14-11ec-8677-901b0e934d81. Code 2152398920.
Stack: onResponse@resource://devtools/shared/DevToolsUtils.js:556:16
onStopRequest@resource://gre/modules/NetUtil.jsm:128:18
Line: 556, column: 16
console.error: (new Error("Failed to fetch https://sync.1dmp.io/supersync?t=f3fc1920-ba14-11ec-8677-901b0e934d81. Code 2152398920.", "resource://devtools/shared/DevToolsUtils.js", 556))
JavaScript error: resource://devtools/shared/DevToolsUtils.js, line 556: Error: Failed to fetch https://sync.1dmp.io/supersync?t=f3fc1920-ba14-11ec-8677-901b0e934d81. Code 2152398920.
SourceActor threw an exception: Error: Failed to fetch https://googleads.g.doubleclick.net/pagead/viewthroughconversion/693627671/?random=1649735955324&cv=9&fst=1649735955324&num=1&guid=ON&resp=GooglemKTybQhCsO&u_h=768&u_w=1366&u_ah=728&u_aw=1366&u_cd=24&u_his=1&u_tz=180&u_java=false&u_nplug=5&u_nmime=2&sendb=1&ig=1&data=extensions%3D%3BfromGoogle%3Dfalse%3BfromCancel%3Dfalse%3Bloyal%3D0%3Bsbscrb%3D%3Bp%3D%3Bb%3D%3Bfresh%3D0%3Binfected%3D%3Bslow%3D%3Bos%3Dwindows%3Bbrowser%3Dfirefox%3Bwinxp%3Dfalse%3Bold%3Dactual&frm=2&url=https%3A%2F%2Fyastatic.net%2Fsafeframe-bundles%2F0.83%2F1-1-0%2Frender.html&ref=https%3A%2F%2Fwww.avito.ru%2F&hn=www.googleadservices.com&async=1&rfmt=3&fmt=4. Code 2152398920.
Stack: onResponse@resource://devtools/shared/DevToolsUtils.js:556:16
onStopRequest@resource://gre/modules/NetUtil.jsm:128:18
Line: 556, column: 16
console.error: (new Error("Failed to fetch https://googleads.g.doubleclick.net/pagead/viewthroughconversion/693627671/?random=1649735955324&cv=9&fst=1649735955324&num=1&guid=ON&resp=GooglemKTybQhCsO&u_h=768&u_w=1366&u_ah=728&u_aw=1366&u_cd=24&u_his=1&u_tz=180&u_java=false&u_nplug=5&u_nmime=2&sendb=1&ig=1&data=extensions%3D%3BfromGoogle%3Dfalse%3BfromCancel%3Dfalse%3Bloyal%3D0%3Bsbscrb%3D%3Bp%3D%3Bb%3D%3Bfresh%3D0%3Binfected%3D%3Bslow%3D%3Bos%3Dwindows%3Bbrowser%3Dfirefox%3Bwinxp%3Dfalse%3Bold%3Dactual&frm=2&url=https%3A%2F%2Fyastatic.net%2Fsafeframe-bundles%2F0.83%2F1-1-0%2Frender.html&ref=https%3A%2F%2Fwww.avito.ru%2F&hn=www.googleadservices.com&async=1&rfmt=3&fmt=4. Code 2152398920.", "resource://devtools/shared/DevToolsUtils.js", 556))
JavaScript error: resource://devtools/shared/DevToolsUtils.js, line 556: Error: Failed to fetch https://googleads.g.doubleclick.net/pagead/viewthroughconversion/693627671/?random=1649735955324&cv=9&fst=1649735955324&num=1&guid=ON&resp=GooglemKTybQhCsO&u_h=768&u_w=1366&u_ah=728&u_aw=1366&u_cd=24&u_his=1&u_tz=180&u_java=false&u_nplug=5&u_nmime=2&sendb=1&ig=1&data=extensions%3D%3BfromGoogle%3Dfalse%3BfromCancel%3Dfalse%3Bloyal%3D0%3Bsbscrb%3D%3Bp%3D%3Bb%3D%3Bfresh%3D0%3Binfected%3D%3Bslow%3D%3Bos%3Dwindows%3Bbrowser%3Dfirefox%3Bwinxp%3Dfalse%3Bold%3Dactual&frm=2&url=https%3A%2F%2Fyastatic.net%2Fsafeframe-bundles%2F0.83%2F1-1-0%2Frender.html&ref=https%3A%2F%2Fwww.avito.ru%2F&hn=www.googleadservices.com&async=1&rfmt=3&fmt=4. Code 2152398920.
SourceActor threw an exception: Error: Failed to fetch https://googleads.g.doubleclick.net/pagead/viewthroughconversion/947884341/?random=1649735955246&cv=9&fst=1649735955246&num=1&guid=ON&resp=GooglemKTybQhCsO&u_h=768&u_w=1366&u_ah=728&u_aw=1366&u_cd=24&u_his=1&u_tz=180&u_java=false&u_nplug=5&u_nmime=2&sendb=1&ig=1&data=extensions%3D%3BfromGoogle%3Dfalse%3BfromCancel%3Dfalse%3Bloyal%3D0%3Bsbscrb%3D%3Bp%3D%3Bb%3D%3Bfresh%3D0%3Binfected%3D%3Bslow%3D%3Bos%3Dwindows%3Bbrowser%3Dfirefox%3Bwinxp%3Dfalse%3Bold%3Dactual&frm=2&url=https%3A%2F%2Fyastatic.net%2Fsafeframe-bundles%2F0.83%2F1-1-0%2Frender.html&ref=https%3A%2F%2Fwww.avito.ru%2F&hn=www.googleadservices.com&async=1&rfmt=3&fmt=4. Code 2152398920.
Stack: onResponse@resource://devtools/shared/DevToolsUtils.js:556:16
onStopRequest@resource://gre/modules/NetUtil.jsm:128:18
Line: 556, column: 16
console.error: (new Error("Failed to fetch https://googleads.g.doubleclick.net/pagead/viewthroughconversion/947884341/?random=1649735955246&cv=9&fst=1649735955246&num=1&guid=ON&resp=GooglemKTybQhCsO&u_h=768&u_w=1366&u_ah=728&u_aw=1366&u_cd=24&u_his=1&u_tz=180&u_java=false&u_nplug=5&u_nmime=2&sendb=1&ig=1&data=extensions%3D%3BfromGoogle%3Dfalse%3BfromCancel%3Dfalse%3Bloyal%3D0%3Bsbscrb%3D%3Bp%3D%3Bb%3D%3Bfresh%3D0%3Binfected%3D%3Bslow%3D%3Bos%3Dwindows%3Bbrowser%3Dfirefox%3Bwinxp%3Dfalse%3Bold%3Dactual&frm=2&url=https%3A%2F%2Fyastatic.net%2Fsafeframe-bundles%2F0.83%2F1-1-0%2Frender.html&ref=https%3A%2F%2Fwww.avito.ru%2F&hn=www.googleadservices.com&async=1&rfmt=3&fmt=4. Code 2152398920.", "resource://devtools/shared/DevToolsUtils.js", 556))
JavaScript error: resource://devtools/shared/DevToolsUtils.js, line 556: Error: Failed to fetch https://googleads.g.doubleclick.net/pagead/viewthroughconversion/947884341/?random=1649735955246&cv=9&fst=1649735955246&num=1&guid=ON&resp=GooglemKTybQhCsO&u_h=768&u_w=1366&u_ah=728&u_aw=1366&u_cd=24&u_his=1&u_tz=180&u_java=false&u_nplug=5&u_nmime=2&sendb=1&ig=1&data=extensions%3D%3BfromGoogle%3Dfalse%3BfromCancel%3Dfalse%3Bloyal%3D0%3Bsbscrb%3D%3Bp%3D%3Bb%3D%3Bfresh%3D0%3Binfected%3D%3Bslow%3D%3Bos%3Dwindows%3Bbrowser%3Dfirefox%3Bwinxp%3Dfalse%3Bold%3Dactual&frm=2&url=https%3A%2F%2Fyastatic.net%2Fsafeframe-bundles%2F0.83%2F1-1-0%2Frender.html&ref=https%3A%2F%2Fwww.avito.ru%2F&hn=www.googleadservices.com&async=1&rfmt=3&fmt=4. Code 2152398920.
SourceActor threw an exception: Error: Failed to fetch https://googleads.g.doubleclick.net/pagead/viewthroughconversion/731887262/?random=1649735925223&cv=9&fst=1649735925223&num=1&label=321PCOW_o84CEJ7t_twC&bg=ffffff&guid=ON&resp=GooglemKTybQhCsO&eid=376635470&u_h=768&u_w=1366&u_ah=728&u_aw=1366&u_cd=24&u_his=1&u_tz=180&u_java=false&u_nplug=5&u_nmime=2&gtm=2wg460&sendb=1&ig=0&frm=0&url=https%3A%2F%2Fwww.avito.ru%2Fkazan%2Fmototsikly_i_mototehnika%2Fbaggi-ASgBAgICAUQ8zE0%3Fcd%3D1%26radius%3D200&tiba=%D0%9A%D1%83%D0%BF%D0%B8%D1%82%D1%8C%20%D0%B1%D0%B0%D0%B3%D0%B3%D0%B8%20%F0%9F%9A%99%20%D0%B2%C2%A0%D0%9A%D0%B0%D0%B7%D0%B0%D0%BD%D0%B8%20%7C%20%D0%91%2F%D1%83%20%D0%B8%C2%A0%D0%BD%D0%BE%D0%B2%D0%B0%D1%8F%20%D0%BC%D0%BE%D1%82%D0%BE%D1%82%D0%B5%D1%85%D0%BD&hn=www.google.com&async=1&rfmt=3&fmt=4. Code 2152398920.
Stack: onResponse@resource://devtools/shared/DevToolsUtils.js:556:16
onStopRequest@resource://gre/modules/NetUtil.jsm:128:18
Line: 556, column: 16
console.error: (new Error("Failed to fetch https://googleads.g.doubleclick.net/pagead/viewthroughconversion/731887262/?random=1649735925223&cv=9&fst=1649735925223&num=1&label=321PCOW_o84CEJ7t_twC&bg=ffffff&guid=ON&resp=GooglemKTybQhCsO&eid=376635470&u_h=768&u_w=1366&u_ah=728&u_aw=1366&u_cd=24&u_his=1&u_tz=180&u_java=false&u_nplug=5&u_nmime=2&gtm=2wg460&sendb=1&ig=0&frm=0&url=https%3A%2F%2Fwww.avito.ru%2Fkazan%2Fmototsikly_i_mototehnika%2Fbaggi-ASgBAgICAUQ8zE0%3Fcd%3D1%26radius%3D200&tiba=%D0%9A%D1%83%D0%BF%D0%B8%D1%82%D1%8C%20%D0%B1%D0%B0%D0%B3%D0%B3%D0%B8%20%F0%9F%9A%99%20%D0%B2%C2%A0%D0%9A%D0%B0%D0%B7%D0%B0%D0%BD%D0%B8%20%7C%20%D0%91%2F%D1%83%20%D0%B8%C2%A0%D0%BD%D0%BE%D0%B2%D0%B0%D1%8F%20%D0%BC%D0%BE%D1%82%D0%BE%D1%82%D0%B5%D1%85%D0%BD&hn=www.google.com&async=1&rfmt=3&fmt=4. Code 2152398920.", "resource://devtools/shared/DevToolsUtils.js", 556))
JavaScript error: resource://devtools/shared/DevToolsUtils.js, line 556: Error: Failed to fetch https://googleads.g.doubleclick.net/pagead/viewthroughconversion/731887262/?random=1649735925223&cv=9&fst=1649735925223&num=1&label=321PCOW_o84CEJ7t_twC&bg=ffffff&guid=ON&resp=GooglemKTybQhCsO&eid=376635470&u_h=768&u_w=1366&u_ah=728&u_aw=1366&u_cd=24&u_his=1&u_tz=180&u_java=false&u_nplug=5&u_nmime=2&gtm=2wg460&sendb=1&ig=0&frm=0&url=https%3A%2F%2Fwww.avito.ru%2Fkazan%2Fmototsikly_i_mototehnika%2Fbaggi-ASgBAgICAUQ8zE0%3Fcd%3D1%26radius%3D200&tiba=%D0%9A%D1%83%D0%BF%D0%B8%D1%82%D1%8C%20%D0%B1%D0%B0%D0%B3%D0%B3%D0%B8%20%F0%9F%9A%99%20%D0%B2%C2%A0%D0%9A%D0%B0%D0%B7%D0%B0%D0%BD%D0%B8%20%7C%20%D0%91%2F%D1%83%20%D0%B8%C2%A0%D0%BD%D0%BE%D0%B2%D0%B0%D1%8F%20%D0%BC%D0%BE%D1%82%D0%BE%D1%82%D0%B5%D1%85%D0%BD&hn=www.google.com&async=1&rfmt=3&fmt=4. Code 2152398920.
SourceActor threw an exception: Error: Failed to fetch https://googleads.g.doubleclick.net/pagead/viewthroughconversion/830441644/?random=1649735925236&cv=9&fst=1649735925236&num=1&label=SZxKCLWd9vwCEKyR_osD&bg=ffffff&guid=ON&resp=GooglemKTybQhCsO&eid=376635470&u_h=768&u_w=1366&u_ah=728&u_aw=1366&u_cd=24&u_his=1&u_tz=180&u_java=false&u_nplug=5&u_nmime=2&gtm=2wg460&sendb=1&ig=0&frm=0&url=https%3A%2F%2Fwww.avito.ru%2Fkazan%2Fmototsikly_i_mototehnika%2Fbaggi-ASgBAgICAUQ8zE0%3Fcd%3D1%26radius%3D200&tiba=%D0%9A%D1%83%D0%BF%D0%B8%D1%82%D1%8C%20%D0%B1%D0%B0%D0%B3%D0%B3%D0%B8%20%F0%9F%9A%99%20%D0%B2%C2%A0%D0%9A%D0%B0%D0%B7%D0%B0%D0%BD%D0%B8%20%7C%20%D0%91%2F%D1%83%20%D0%B8%C2%A0%D0%BD%D0%BE%D0%B2%D0%B0%D1%8F%20%D0%BC%D0%BE%D1%82%D0%BE%D1%82%D0%B5%D1%85%D0%BD&hn=www.google.com&async=1&rfmt=3&fmt=4. Code 2152398920.
Stack: onResponse@resource://devtools/shared/DevToolsUtils.js:556:16
onStopRequest@resource://gre/modules/NetUtil.jsm:128:18
Line: 556, column: 16
console.error: (new Error("Failed to fetch https://googleads.g.doubleclick.net/pagead/viewthroughconversion/830441644/?random=1649735925236&cv=9&fst=1649735925236&num=1&label=SZxKCLWd9vwCEKyR_osD&bg=ffffff&guid=ON&resp=GooglemKTybQhCsO&eid=376635470&u_h=768&u_w=1366&u_ah=728&u_aw=1366&u_cd=24&u_his=1&u_tz=180&u_java=false&u_nplug=5&u_nmime=2&gtm=2wg460&sendb=1&ig=0&frm=0&url=https%3A%2F%2Fwww.avito.ru%2Fkazan%2Fmototsikly_i_mototehnika%2Fbaggi-ASgBAgICAUQ8zE0%3Fcd%3D1%26radius%3D200&tiba=%D0%9A%D1%83%D0%BF%D0%B8%D1%82%D1%8C%20%D0%B1%D0%B0%D0%B3%D0%B3%D0%B8%20%F0%9F%9A%99%20%D0%B2%C2%A0%D0%9A%D0%B0%D0%B7%D0%B0%D0%BD%D0%B8%20%7C%20%D0%91%2F%D1%83%20%D0%B8%C2%A0%D0%BD%D0%BE%D0%B2%D0%B0%D1%8F%20%D0%BC%D0%BE%D1%82%D0%BE%D1%82%D0%B5%D1%85%D0%BD&hn=www.google.com&async=1&rfmt=3&fmt=4. Code 2152398920.", "resource://devtools/shared/DevToolsUtils.js", 556))
JavaScript error: resource://devtools/shared/DevToolsUtils.js, line 556: Error: Failed to fetch https://googleads.g.doubleclick.net/pagead/viewthroughconversion/830441644/?random=1649735925236&cv=9&fst=1649735925236&num=1&label=SZxKCLWd9vwCEKyR_osD&bg=ffffff&guid=ON&resp=GooglemKTybQhCsO&eid=376635470&u_h=768&u_w=1366&u_ah=728&u_aw=1366&u_cd=24&u_his=1&u_tz=180&u_java=false&u_nplug=5&u_nmime=2&gtm=2wg460&sendb=1&ig=0&frm=0&url=https%3A%2F%2Fwww.avito.ru%2Fkazan%2Fmototsikly_i_mototehnika%2Fbaggi-ASgBAgICAUQ8zE0%3Fcd%3D1%26radius%3D200&tiba=%D0%9A%D1%83%D0%BF%D0%B8%D1%82%D1%8C%20%D0%B1%D0%B0%D0%B3%D0%B3%D0%B8%20%F0%9F%9A%99%20%D0%B2%C2%A0%D0%9A%D0%B0%D0%B7%D0%B0%D0%BD%D0%B8%20%7C%20%D0%91%2F%D1%83%20%D0%B8%C2%A0%D0%BD%D0%BE%D0%B2%D0%B0%D1%8F%20%D0%BC%D0%BE%D1%82%D0%BE%D1%82%D0%B5%D1%85%D0%BD&hn=www.google.com&async=1&rfmt=3&fmt=4. Code 2152398920.
JavaScript error: resource://gre/modules/AsyncShutdown.jsm, line 575: NotFoundError: No such JSWindowActor 'DevToolsFrame'
JavaScript error: resource://gre/modules/AsyncShutdown.jsm, line 575: NotFoundError: No such JSWindowActor 'DevToolsFrame'
JavaScript error: resource://gre/modules/AsyncShutdown.jsm, line 575: NotFoundError: No such JSWindowActor 'DevToolsFrame'
JavaScript error: resource://gre/modules/AsyncShutdown.jsm, line 575: NotFoundError: No such JSWindowActor 'DevToolsFrame'
JavaScript error: resource://gre/modules/AsyncShutdown.jsm, line 575: NotFoundError: No such JSWindowActor 'DevToolsFrame'
JavaScript error: resource://gre/modules/AsyncShutdown.jsm, line 575: NotFoundError: No such JSWindowActor 'DevToolsFrame'
JavaScript error: resource://gre/modules/AsyncShutdown.jsm, line 575: NotFoundError: No such JSWindowActor 'DevToolsFrame'
JavaScript error: resource://gre/modules/AsyncShutdown.jsm, line 575: NotFoundError: No such JSWindowActor 'DevToolsFrame'
JavaScript error: resource://gre/modules/AsyncShutdown.jsm, line 575: NotFoundError: No such JSWindowActor 'DevToolsFrame'
JavaScript error: resource://gre/modules/AsyncShutdown.jsm, line 575: NotFoundError: No such JSWindowActor 'DevToolsFrame'
JavaScript error: resource://gre/modules/AsyncShutdown.jsm, line 575: NotFoundError: No such JSWindowActor 'DevToolsFrame'
JavaScript error: resource://gre/modules/AsyncShutdown.jsm, line 575: NotFoundError: No such JSWindowActor 'DevToolsFrame'
JavaScript error: resource://gre/modules/AsyncShutdown.jsm, line 575: NotFoundError: No such JSWindowActor 'DevToolsFrame'
JavaScript error: resource://gre/modules/AsyncShutdown.jsm, line 575: NotFoundError: No such JSWindowActor 'DevToolsFrame'
1649736174037	Marionette	INFO	Stopped listening on port 64957
